abr 11, 2025 3:09:28 P. M. sur.softsurena.metodos.M_Paciente select
GRAVE: Error al consultar la vista GET_PACIENTES del sistema.
java.sql.SQLSyntaxErrorException: Dynamic SQL Error; SQL error code = -206; Column unknown; PESO_NACIMIENTO_KG; At line 1, column 12 [SQLState:42S22, ISC error code:335544578]
	at org.firebirdsql.gds.ng.FbExceptionBuilder$Type$1.createSQLException(FbExceptionBuilder.java:613)
	at org.firebirdsql.gds.ng.FbExceptionBuilder.toFlatSQLException(FbExceptionBuilder.java:384)
	at org.firebirdsql.gds.ng.wire.AbstractWireOperations.readStatusVector(AbstractWireOperations.java:154)
	at org.firebirdsql.gds.ng.wire.AbstractWireOperations.readStatusVector(AbstractWireOperations.java:99)
	at org.firebirdsql.gds.ng.wire.AbstractWireOperations.processOperation(AbstractWireOperations.java:209)
	at org.firebirdsql.gds.ng.wire.AbstractWireOperations.readOperationResponse(AbstractWireOperations.java:175)
	at org.firebirdsql.gds.ng.wire.AbstractWireOperations.readResponse(AbstractWireOperations.java:169)
	at org.firebirdsql.gds.ng.wire.AbstractWireOperations.readGenericResponse(AbstractWireOperations.java:283)
	at org.firebirdsql.gds.ng.wire.AbstractFbWireDatabase.readGenericResponse(AbstractFbWireDatabase.java:206)
	at org.firebirdsql.gds.ng.wire.version11.V11Statement.prepare(V11Statement.java:98)
	at org.firebirdsql.jdbc.FBStatement.prepareFixedStatement(FBStatement.java:1002)
	at org.firebirdsql.jdbc.FBPreparedStatement.prepareFixedStatement(FBPreparedStatement.java:772)
	at org.firebirdsql.jdbc.FBPreparedStatement.<init>(FBPreparedStatement.java:147)
	at org.firebirdsql.jdbc.FBConnection.prepareStatement(FBConnection.java:797)
	at org.firebirdsql.jdbc.FBConnection.prepareStatement(FBConnection.java:709)
	at sur.softsurena.metodos.M_Paciente.select(M_Paciente.java:31)
	at sur.softsurena.archivos.frmPaciente.llenarTabla(frmPaciente.java:1239)
	at sur.softsurena.formularios.frmPrincipal.mnuArchivosPacientesActionPerformed(frmPrincipal.java:338)
	at sur.softsurena.formularios.frmPrincipal$3.actionPerformed(frmPrincipal.java:142)
	at java.desktop/javax.swing.AbstractButton.fireActionPerformed(AbstractButton.java:1972)
	at java.desktop/javax.swing.AbstractButton$Handler.actionPerformed(AbstractButton.java:2314)
	at java.desktop/javax.swing.DefaultButtonModel.fireActionPerformed(DefaultButtonModel.java:407)
	at java.desktop/javax.swing.DefaultButtonModel.setPressed(DefaultButtonModel.java:262)
	at java.desktop/javax.swing.AbstractButton.doClick(AbstractButton.java:374)
	at java.desktop/javax.swing.plaf.basic.BasicMenuItemUI.doClick(BasicMenuItemUI.java:1029)
	at java.desktop/javax.swing.plaf.basic.BasicMenuItemUI$Handler.mouseReleased(BasicMenuItemUI.java:1073)
	at java.desktop/java.awt.Component.processMouseEvent(Component.java:6621)
	at java.desktop/javax.swing.JComponent.processMouseEvent(JComponent.java:3398)
	at java.desktop/java.awt.Component.processEvent(Component.java:6386)
	at java.desktop/java.awt.Container.processEvent(Container.java:2266)
	at java.desktop/java.awt.Component.dispatchEventImpl(Component.java:4996)
	at java.desktop/java.awt.Container.dispatchEventImpl(Container.java:2324)
	at java.desktop/java.awt.Component.dispatchEvent(Component.java:4828)
	at java.desktop/java.awt.LightweightDispatcher.retargetMouseEvent(Container.java:4948)
	at java.desktop/java.awt.LightweightDispatcher.processMouseEvent(Container.java:4575)
	at java.desktop/java.awt.LightweightDispatcher.dispatchEvent(Container.java:4516)
	at java.desktop/java.awt.Container.dispatchEventImpl(Container.java:2310)
	at java.desktop/java.awt.Window.dispatchEventImpl(Window.java:2780)
	at java.desktop/java.awt.Component.dispatchEvent(Component.java:4828)
	at java.desktop/java.awt.EventQueue.dispatchEventImpl(EventQueue.java:775)
	at java.desktop/java.awt.EventQueue$4.run(EventQueue.java:720)
	at java.desktop/java.awt.EventQueue$4.run(EventQueue.java:714)
	at java.base/java.security.AccessController.doPrivileged(AccessController.java:400)
	at java.base/java.security.ProtectionDomain$JavaSecurityAccessImpl.doIntersectionPrivilege(ProtectionDomain.java:87)
	at java.base/java.security.ProtectionDomain$JavaSecurityAccessImpl.doIntersectionPrivilege(ProtectionDomain.java:98)
	at java.desktop/java.awt.EventQueue$5.run(EventQueue.java:747)
	at java.desktop/java.awt.EventQueue$5.run(EventQueue.java:745)
	at java.base/java.security.AccessController.doPrivileged(AccessController.java:400)
	at java.base/java.security.ProtectionDomain$JavaSecurityAccessImpl.doIntersectionPrivilege(ProtectionDomain.java:87)
	at java.desktop/java.awt.EventQueue.dispatchEvent(EventQueue.java:744)
	at java.desktop/java.awt.EventDispatchThread.pumpOneEventForFilters(EventDispatchThread.java:203)
	at java.desktop/java.awt.EventDispatchThread.pumpEventsForFilter(EventDispatchThread.java:124)
	at java.desktop/java.awt.EventDispatchThread.pumpEventsForHierarchy(EventDispatchThread.java:113)
	at java.desktop/java.awt.EventDispatchThread.pumpEvents(EventDispatchThread.java:109)
	at java.desktop/java.awt.EventDispatchThread.pumpEvents(EventDispatchThread.java:101)
	at java.desktop/java.awt.EventDispatchThread.run(EventDispatchThread.java:90)
Caused by: org.firebirdsql.jdbc.FBSQLExceptionInfo: Dynamic SQL Error

