jun 16, 2024 9:49:08 A. M. sur.softsurena.metodos.M_Role asignarRol
GRAVE: unsuccessful metadata update; REVOKE failed; Table GET_CLIENTES_SB does not exist; At procedure 'PERM_CREAR_FACTURAS' line: 44, col: 11 [SQLState:42000, ISC error code:335544351]
java.sql.SQLSyntaxErrorException: unsuccessful metadata update; REVOKE failed; Table GET_CLIENTES_SB does not exist; At procedure 'PERM_CREAR_FACTURAS' line: 44, col: 11 [SQLState:42000, ISC error code:335544351]
	at org.firebirdsql.gds.ng.FbExceptionBuilder$Type$1.createSQLException(FbExceptionBuilder.java:613)
	at org.firebirdsql.gds.ng.FbExceptionBuilder.toFlatSQLException(FbExceptionBuilder.java:384)
	at org.firebirdsql.gds.ng.wire.AbstractWireOperations.readStatusVector(AbstractWireOperations.java:154)
	at org.firebirdsql.gds.ng.wire.AbstractWireOperations.readStatusVector(AbstractWireOperations.java:99)
	at org.firebirdsql.gds.ng.wire.AbstractWireOperations.processOperation(AbstractWireOperations.java:209)
	at org.firebirdsql.gds.ng.wire.AbstractWireOperations.readOperationResponse(AbstractWireOperations.java:175)
	at org.firebirdsql.gds.ng.wire.AbstractWireOperations.readResponse(AbstractWireOperations.java:169)
	at org.firebirdsql.gds.ng.wire.AbstractFbWireDatabase.readResponse(AbstractFbWireDatabase.java:216)
	at org.firebirdsql.gds.ng.wire.version10.V10Statement.execute(V10Statement.java:273)
	at org.firebirdsql.jdbc.FBStatement.internalExecute(FBStatement.java:878)
	at org.firebirdsql.jdbc.FBPreparedStatement.internalExecute(FBPreparedStatement.java:562)
	at org.firebirdsql.jdbc.FBCallableStatement.internalExecute(FBCallableStatement.java:319)
	at org.firebirdsql.jdbc.FBCallableStatement.execute(FBCallableStatement.java:230)
	at sur.softsurena.metodos.M_Role.asignarRol(M_Role.java:322)
	at sur.softsurena.formularios.frmUsuarios.btnQuitarAgregarPermisoAdminActionPerformed(frmUsuarios.java:999)
	at sur.softsurena.formularios.frmUsuarios$15.actionPerformed(frmUsuarios.java:333)
	at java.desktop/javax.swing.AbstractButton.fireActionPerformed(AbstractButton.java:1972)
	at java.desktop/javax.swing.AbstractButton$Handler.actionPerformed(AbstractButton.java:2314)
	at java.desktop/javax.swing.DefaultButtonModel.fireActionPerformed(DefaultButtonModel.java:407)
	at java.desktop/javax.swing.DefaultButtonModel.setPressed(DefaultButtonModel.java:262)
	at java.desktop/javax.swing.plaf.basic.BasicButtonListener.mouseReleased(BasicButtonListener.java:279)
	at java.desktop/java.awt.AWTEventMulticaster.mouseReleased(AWTEventMulticaster.java:297)
	at java.desktop/java.awt.Component.processMouseEvent(Component.java:6621)
	at java.desktop/javax.swing.JComponent.processMouseEvent(JComponent.java:3398)
	at RSMaterialComponent.RSButtonMaterialIconOne.processMouseEvent(RSButtonMaterialIconOne.java:3465)
	at java.desktop/java.awt.Component.processEvent(Component.java:6386)
	at java.desktop/java.awt.Container.processEvent(Container.java:2266)
	at java.desktop/java.awt.Component.dispatchEventImpl(Component.java:4996)
	at java.desktop/java.awt.Container.dispatchEventImpl(Container.java:2324)
	at java.desktop/java.awt.Component.dispatchEvent(Component.java:4828)
	at java.desktop/java.awt.LightweightDispatcher.retargetMouseEvent(Container.java:4948)
	at java.desktop/java.awt.LightweightDispatcher.processMouseEvent(Container.java:4575)
	at java.desktop/java.awt.LightweightDispatcher.dispatchEvent(Container.java:4516)
	at java.desktop/java.awt.Container.dispatchEventImpl(Container.java:2310)
	at java.desktop/java.awt.Window.dispatchEventImpl(Window.java:2780)
	at java.desktop/java.awt.Component.dispatchEvent(Component.java:4828)
	at java.desktop/java.awt.EventQueue.dispatchEventImpl(EventQueue.java:775)
	at java.desktop/java.awt.EventQueue$4.run(EventQueue.java:720)
	at java.desktop/java.awt.EventQueue$4.run(EventQueue.java:714)
	at java.base/java.security.AccessController.doPrivileged(AccessController.java:400)
	at java.base/java.security.ProtectionDomain$JavaSecurityAccessImpl.doIntersectionPrivilege(ProtectionDomain.java:87)
	at java.base/java.security.ProtectionDomain$JavaSecurityAccessImpl.doIntersectionPrivilege(ProtectionDomain.java:98)
	at java.desktop/java.awt.EventQueue$5.run(EventQueue.java:747)
	at java.desktop/java.awt.EventQueue$5.run(EventQueue.java:745)
	at java.base/java.security.AccessController.doPrivileged(AccessController.java:400)
	at java.base/java.security.ProtectionDomain$JavaSecurityAccessImpl.doIntersectionPrivilege(ProtectionDomain.java:87)
	at java.desktop/java.awt.EventQueue.dispatchEvent(EventQueue.java:744)
	at java.desktop/java.awt.EventDispatchThread.pumpOneEventForFilters(EventDispatchThread.java:203)
	at java.desktop/java.awt.EventDispatchThread.pumpEventsForFilter(EventDispatchThread.java:124)
	at java.desktop/java.awt.EventDispatchThread.pumpEventsForHierarchy(EventDispatchThread.java:113)
	at java.desktop/java.awt.EventDispatchThread.pumpEvents(EventDispatchThread.java:109)
	at java.desktop/java.awt.EventDispatchThread.pumpEvents(EventDispatchThread.java:101)
	at java.desktop/java.awt.EventDispatchThread.run(EventDispatchThread.java:90)
Caused by: org.firebirdsql.jdbc.FBSQLExceptionInfo: unsuccessful metadata update

